2024-10-21T11:23:22.075+02:00  INFO 491853 --- [main] i.j.incidencia.IncidenciaApplication     : Starting IncidenciaApplication using Java 21.0.4 with PID 491853 (/home/jaydee/Github/Jandula_incidencias/incidencia/target/classes started by jaydee in /home/jaydee/Github/Jandula_incidencias/incidencia)
2024-10-21T11:23:22.083+02:00 DEBUG 491853 --- [main] i.j.incidencia.IncidenciaApplication     : Running with Spring Boot v3.3.4, Spring v6.1.13
2024-10-21T11:23:22.083+02:00  INFO 491853 --- [main] i.j.incidencia.IncidenciaApplication     : No active profile set, falling back to 1 default profile: "default"
2024-10-21T11:23:22.402+02:00  INFO 491853 --- [main] .s.d.r.c.RepositoryConfigurationDelegate : Bootstrapping Spring Data JPA repositories in DEFAULT mode.
2024-10-21T11:23:22.432+02:00  INFO 491853 --- [main] .s.d.r.c.RepositoryConfigurationDelegate : Finished Spring Data repository scanning in 25 ms. Found 1 JPA repository interface.
2024-10-21T11:23:22.714+02:00  INFO 491853 --- [main] o.s.b.w.embedded.tomcat.TomcatWebServer  : Tomcat initialized with port 8888 (http)
2024-10-21T11:23:22.722+02:00  INFO 491853 --- [main] o.apache.catalina.core.StandardService   : Starting service [Tomcat]
2024-10-21T11:23:22.722+02:00  INFO 491853 --- [main] o.apache.catalina.core.StandardEngine    : Starting Servlet engine: [Apache Tomcat/10.1.30]
2024-10-21T11:23:22.748+02:00  INFO 491853 --- [main] o.a.c.c.C.[Tomcat].[localhost].[/]       : Initializing Spring embedded WebApplicationContext
2024-10-21T11:23:22.748+02:00  INFO 491853 --- [main] w.s.c.ServletWebServerApplicationContext : Root WebApplicationContext: initialization completed in 643 ms
2024-10-21T11:23:22.833+02:00  INFO 491853 --- [main] o.hibernate.jpa.internal.util.LogHelper  : HHH000204: Processing PersistenceUnitInfo [name: default]
2024-10-21T11:23:22.865+02:00  INFO 491853 --- [main] org.hibernate.Version                    : HHH000412: Hibernate ORM core version 6.5.3.Final
2024-10-21T11:23:22.883+02:00  INFO 491853 --- [main] o.h.c.internal.RegionFactoryInitiator    : HHH000026: Second-level cache disabled
2024-10-21T11:23:23.044+02:00  INFO 491853 --- [main] o.s.o.j.p.SpringPersistenceUnitInfo      : No LoadTimeWeaver setup: ignoring JPA class transformer
2024-10-21T11:23:23.059+02:00  INFO 491853 --- [main] com.zaxxer.hikari.HikariDataSource       : HikariPool-1 - Starting...
2024-10-21T11:23:24.115+02:00  WARN 491853 --- [main] o.h.engine.jdbc.spi.SqlExceptionHelper   : SQL Error: 0, SQLState: 08S01
2024-10-21T11:23:24.115+02:00 ERROR 491853 --- [main] o.h.engine.jdbc.spi.SqlExceptionHelper   : Communications link failure

The last packet sent successfully to the server was 0 milliseconds ago. The driver has not received any packets from the server.
2024-10-21T11:23:24.116+02:00  WARN 491853 --- [main] o.h.e.j.e.i.JdbcEnvironmentInitiator     : HHH000342: Could not obtain connection to query metadata

org.hibernate.exception.JDBCConnectionException: unable to obtain isolated JDBC connection [Communications link failure

The last packet sent successfully to the server was 0 milliseconds ago. The driver has not received any packets from the server.] [n/a]
	at org.hibernate.exception.internal.SQLStateConversionDelegate.convert(SQLStateConversionDelegate.java:100) ~[hibernate-core-6.5.3.Final.jar:6.5.3.Final]
	at org.hibernate.exception.internal.StandardSQLExceptionConverter.convert(StandardSQLExceptionConverter.java:58) ~[hibernate-core-6.5.3.Final.jar:6.5.3.Final]
	at org.hibernate.engine.jdbc.spi.SqlExceptionHelper.convert(SqlExceptionHelper.java:108) ~[hibernate-core-6.5.3.Final.jar:6.5.3.Final]
	at org.hibernate.engine.jdbc.spi.SqlExceptionHelper.convert(SqlExceptionHelper.java:94) ~[hibernate-core-6.5.3.Final.jar:6.5.3.Final]
	at org.hibernate.resource.transaction.backend.jdbc.internal.JdbcIsolationDelegate.delegateWork(JdbcIsolationDelegate.java:116) ~[hibernate-core-6.5.3.Final.jar:6.5.3.Final]
	at org.hibernate.engine.jdbc.env.internal.JdbcEnvironmentInitiator.getJdbcEnvironmentUsingJdbcMetadata(JdbcEnvironmentInitiator.java:292) ~[hibernate-core-6.5.3.Final.jar:6.5.3.Final]
	at org.hibernate.engine.jdbc.env.internal.JdbcEnvironmentInitiator.initiateService(JdbcEnvironmentInitiator.java:124) ~[hibernate-core-6.5.3.Final.jar:6.5.3.Final]
	at org.hibernate.engine.jdbc.env.internal.JdbcEnvironmentInitiator.initiateService(JdbcEnvironmentInitiator.java:78) ~[hibernate-core-6.5.3.Final.jar:6.5.3.Final]
	at org.hibernate.boot.registry.internal.StandardServiceRegistryImpl.initiateService(StandardServiceRegistryImpl.java:130) ~[hibernate-core-6.5.3.Final.jar:6.5.3.Final]
	at org.hibernate.service.internal.AbstractServiceRegistryImpl.createService(AbstractServiceRegistryImpl.java:263) ~[hibernate-core-6.5.3.Final.jar:6.5.3.Final]
	at org.hibernate.service.internal.AbstractServiceRegistryImpl.initializeService(AbstractServiceRegistryImpl.java:238) ~[hibernate-core-6.5.3.Final.jar:6.5.3.Final]
	at org.hibernate.service.internal.AbstractServiceRegistryImpl.getService(AbstractServiceRegistryImpl.java:215) ~[hibernate-core-6.5.3.Final.jar:6.5.3.Final]
	at org.hibernate.boot.model.relational.Database.<init>(Database.java:45) ~[hibernate-core-6.5.3.Final.jar:6.5.3.Final]
	at org.hibernate.boot.internal.InFlightMetadataCollectorImpl.getDatabase(InFlightMetadataCollectorImpl.java:221) ~[hibernate-core-6.5.3.Final.jar:6.5.3.Final]
	at org.hibernate.boot.internal.InFlightMetadataCollectorImpl.<init>(InFlightMetadataCollectorImpl.java:189) ~[hibernate-core-6.5.3.Final.jar:6.5.3.Final]
	at org.hibernate.boot.model.process.spi.MetadataBuildingProcess.complete(MetadataBuildingProcess.java:171) ~[hibernate-core-6.5.3.Final.jar:6.5.3.Final]
	at org.hibernate.jpa.boot.internal.EntityManagerFactoryBuilderImpl.metadata(EntityManagerFactoryBuilderImpl.java:1431) ~[hibernate-core-6.5.3.Final.jar:6.5.3.Final]
	at org.hibernate.jpa.boot.internal.EntityManagerFactoryBuilderImpl.build(EntityManagerFactoryBuilderImpl.java:1502) ~[hibernate-core-6.5.3.Final.jar:6.5.3.Final]
	at org.springframework.orm.jpa.vendor.SpringHibernateJpaPersistenceProvider.createContainerEntityManagerFactory(SpringHibernateJpaPersistenceProvider.java:75) ~[spring-orm-6.1.13.jar:6.1.13]
	at org.springframework.orm.jpa.LocalContainerEntityManagerFactoryBean.createNativeEntityManagerFactory(LocalContainerEntityManagerFactoryBean.java:390) ~[spring-orm-6.1.13.jar:6.1.13]
	at org.springframework.orm.jpa.AbstractEntityManagerFactoryBean.buildNativeEntityManagerFactory(AbstractEntityManagerFactoryBean.java:409) ~[spring-orm-6.1.13.jar:6.1.13]
	at org.springframework.orm.jpa.AbstractEntityManagerFactoryBean.afterPropertiesSet(AbstractEntityManagerFactoryBean.java:396) ~[spring-orm-6.1.13.jar:6.1.13]
	at org.springframework.orm.jpa.LocalContainerEntityManagerFactoryBean.afterPropertiesSet(LocalContainerEntityManagerFactoryBean.java:366) ~[spring-orm-6.1.13.jar:6.1.13]
	at org.springframework.beans.factory.support.AbstractAutowireCapableBeanFactory.invokeInitMethods(AbstractAutowireCapableBeanFactory.java:1853) ~[spring-beans-6.1.13.jar:6.1.13]
	at org.springframework.beans.factory.support.AbstractAutowireCapableBeanFactory.initializeBean(AbstractAutowireCapableBeanFactory.java:1802) ~[spring-beans-6.1.13.jar:6.1.13]
	at org.springframework.beans.factory.support.AbstractAutowireCapableBeanFactory.doCreateBean(AbstractAutowireCapableBeanFactory.java:600) ~[spring-beans-6.1.13.jar:6.1.13]
	at org.springframework.beans.factory.support.AbstractAutowireCapableBeanFactory.createBean(AbstractAutowireCapableBeanFactory.java:522) ~[spring-beans-6.1.13.jar:6.1.13]
	at org.springframework.beans.factory.support.AbstractBeanFactory.lambda$doGetBean$0(AbstractBeanFactory.java:337) ~[spring-beans-6.1.13.jar:6.1.13]
	at org.springframework.beans.factory.support.DefaultSingletonBeanRegistry.getSingleton(DefaultSingletonBeanRegistry.java:234) ~[spring-beans-6.1.13.jar:6.1.13]
	at org.springframework.beans.factory.support.AbstractBeanFactory.doGetBean(AbstractBeanFactory.java:335) ~[spring-beans-6.1.13.jar:6.1.13]
	at org.springframework.beans.factory.support.AbstractBeanFactory.getBean(AbstractBeanFactory.java:205) ~[spring-beans-6.1.13.jar:6.1.13]
	at org.springframework.context.support.AbstractApplicationContext.finishBeanFactoryInitialization(AbstractApplicationContext.java:954) ~[spring-context-6.1.13.jar:6.1.13]
	at org.springframework.context.support.AbstractApplicationContext.refresh(AbstractApplicationContext.java:625) ~[spring-context-6.1.13.jar:6.1.13]
	at org.springframework.boot.web.servlet.context.ServletWebServerApplicationContext.refresh(ServletWebServerApplicationContext.java:146) ~[spring-boot-3.3.4.jar:3.3.4]
	at org.springframework.boot.SpringApplication.refresh(SpringApplication.java:754) ~[spring-boot-3.3.4.jar:3.3.4]
	at org.springframework.boot.SpringApplication.refreshContext(SpringApplication.java:456) ~[spring-boot-3.3.4.jar:3.3.4]
	at org.springframework.boot.SpringApplication.run(SpringApplication.java:335) ~[spring-boot-3.3.4.jar:3.3.4]
	at org.springframework.boot.SpringApplication.run(SpringApplication.java:1363) ~[spring-boot-3.3.4.jar:3.3.4]
	at org.springframework.boot.SpringApplication.run(SpringApplication.java:1352) ~[spring-boot-3.3.4.jar:3.3.4]
	at ies.jandula.incidencia.IncidenciaApplication.main(IncidenciaApplication.java:21) ~[classes/:na]
Caused by: com.mysql.cj.jdbc.exceptions.CommunicationsException: Communications link failure

The last packet sent successfully to the server was 0 milliseconds ago. The driver has not received any packets from the server.
	at com.mysql.cj.jdbc.exceptions.SQLError.createCommunicationsException(SQLError.java:174) ~[mysql-connector-j-8.3.0.jar:8.3.0]
	at com.mysql.cj.jdbc.exceptions.SQLExceptionsMapping.translateException(SQLExceptionsMapping.java:64) ~[mysql-connector-j-8.3.0.jar:8.3.0]
	at com.mysql.cj.jdbc.ConnectionImpl.createNewIO(ConnectionImpl.java:815) ~[mysql-connector-j-8.3.0.jar:8.3.0]
	at com.mysql.cj.jdbc.ConnectionImpl.<init>(ConnectionImpl.java:438) ~[mysql-connector-j-8.3.0.jar:8.3.0]
	at com.mysql.cj.jdbc.ConnectionImpl.getInstance(ConnectionImpl.java:241) ~[mysql-connector-j-8.3.0.jar:8.3.0]
	at com.mysql.cj.jdbc.NonRegisteringDriver.connect(NonRegisteringDriver.java:189) ~[mysql-connector-j-8.3.0.jar:8.3.0]
	at com.zaxxer.hikari.util.DriverDataSource.getConnection(DriverDataSource.java:137) ~[HikariCP-5.1.0.jar:na]
	at com.zaxxer.hikari.pool.PoolBase.newConnection(PoolBase.java:360) ~[HikariCP-5.1.0.jar:na]
	at com.zaxxer.hikari.pool.PoolBase.newPoolEntry(PoolBase.java:202) ~[HikariCP-5.1.0.jar:na]
	at com.zaxxer.hikari.pool.HikariPool.createPoolEntry(HikariPool.java:461) ~[HikariCP-5.1.0.jar:na]
	at com.zaxxer.hikari.pool.HikariPool.checkFailFast(HikariPool.java:550) ~[HikariCP-5.1.0.jar:na]
	at com.zaxxer.hikari.pool.HikariPool.<init>(HikariPool.java:98) ~[HikariCP-5.1.0.jar:na]
	at com.zaxxer.hikari.HikariDataSource.getConnection(HikariDataSource.java:111) ~[HikariCP-5.1.0.jar:na]
	at org.hibernate.engine.jdbc.connections.internal.DatasourceConnectionProviderImpl.getConnection(DatasourceConnectionProviderImpl.java:122) ~[hibernate-core-6.5.3.Final.jar:6.5.3.Final]
	at org.hibernate.engine.jdbc.env.internal.JdbcEnvironmentInitiator$ConnectionProviderJdbcConnectionAccess.obtainConnection(JdbcEnvironmentInitiator.java:439) ~[hibernate-core-6.5.3.Final.jar:6.5.3.Final]
	at org.hibernate.resource.transaction.backend.jdbc.internal.JdbcIsolationDelegate.delegateWork(JdbcIsolationDelegate.java:61) ~[hibernate-core-6.5.3.Final.jar:6.5.3.Final]
	... 35 common frames omitted
Caused by: com.mysql.cj.exceptions.CJCommunicationsException: Communications link failure

The last packet sent successfully to the server was 0 milliseconds ago. The driver has not received any packets from the server.
	at java.base/jdk.internal.reflect.DirectConstructorHandleAccessor.newInstance(DirectConstructorHandleAccessor.java:62) ~[na:na]
	at java.base/java.lang.reflect.Constructor.newInstanceWithCaller(Constructor.java:502) ~[na:na]
	at java.base/java.lang.reflect.Constructor.newInstance(Constructor.java:486) ~[na:na]
	at com.mysql.cj.exceptions.ExceptionFactory.createException(ExceptionFactory.java:61) ~[mysql-connector-j-8.3.0.jar:8.3.0]
	at com.mysql.cj.exceptions.ExceptionFactory.createException(ExceptionFactory.java:104) ~[mysql-connector-j-8.3.0.jar:8.3.0]
	at com.mysql.cj.exceptions.ExceptionFactory.createException(ExceptionFactory.java:149) ~[mysql-connector-j-8.3.0.jar:8.3.0]
	at com.mysql.cj.exceptions.ExceptionFactory.createCommunicationsException(ExceptionFactory.java:165) ~[mysql-connector-j-8.3.0.jar:8.3.0]
	at com.mysql.cj.protocol.a.NativeSocketConnection.connect(NativeSocketConnection.java:88) ~[mysql-connector-j-8.3.0.jar:8.3.0]
	at com.mysql.cj.NativeSession.connect(NativeSession.java:120) ~[mysql-connector-j-8.3.0.jar:8.3.0]
	at com.mysql.cj.jdbc.ConnectionImpl.connectOneTryOnly(ConnectionImpl.java:935) ~[mysql-connector-j-8.3.0.jar:8.3.0]
	at com.mysql.cj.jdbc.ConnectionImpl.createNewIO(ConnectionImpl.java:805) ~[mysql-connector-j-8.3.0.jar:8.3.0]
	... 48 common frames omitted
Caused by: java.net.ConnectException: Conexión rehusada
	at java.base/sun.nio.ch.Net.pollConnect(Native Method) ~[na:na]
	at java.base/sun.nio.ch.Net.pollConnectNow(Net.java:682) ~[na:na]
	at java.base/sun.nio.ch.NioSocketImpl.timedFinishConnect(NioSocketImpl.java:542) ~[na:na]
	at java.base/sun.nio.ch.NioSocketImpl.connect(NioSocketImpl.java:592) ~[na:na]
	at java.base/java.net.SocksSocketImpl.connect(SocksSocketImpl.java:327) ~[na:na]
	at java.base/java.net.Socket.connect(Socket.java:751) ~[na:na]
	at com.mysql.cj.protocol.StandardSocketFactory.connect(StandardSocketFactory.java:153) ~[mysql-connector-j-8.3.0.jar:8.3.0]
	at com.mysql.cj.protocol.a.NativeSocketConnection.connect(NativeSocketConnection.java:62) ~[mysql-connector-j-8.3.0.jar:8.3.0]
	... 51 common frames omitted

2024-10-21T11:23:24.119+02:00 ERROR 491853 --- [main] j.LocalContainerEntityManagerFactoryBean : Failed to initialize JPA EntityManagerFactory: Unable to create requested service [org.hibernate.engine.jdbc.env.spi.JdbcEnvironment] due to: Unable to determine Dialect without JDBC metadata (please set 'jakarta.persistence.jdbc.url' for common cases or 'hibernate.dialect' when a custom Dialect implementation must be provided)
2024-10-21T11:23:24.120+02:00  WARN 491853 --- [main] ConfigServletWebServerApplicationContext : Exception encountered during context initialization - cancelling refresh attempt: org.springframework.beans.factory.BeanCreationException: Error creating bean with name 'entityManagerFactory' defined in class path resource [org/springframework/boot/autoconfigure/orm/jpa/HibernateJpaConfiguration.class]: Unable to create requested service [org.hibernate.engine.jdbc.env.spi.JdbcEnvironment] due to: Unable to determine Dialect without JDBC metadata (please set 'jakarta.persistence.jdbc.url' for common cases or 'hibernate.dialect' when a custom Dialect implementation must be provided)
2024-10-21T11:23:24.121+02:00  INFO 491853 --- [main] o.apache.catalina.core.StandardService   : Stopping service [Tomcat]
2024-10-21T11:23:24.127+02:00  INFO 491853 --- [main] .s.b.a.l.ConditionEvaluationReportLogger : 

Error starting ApplicationContext. To display the condition evaluation report re-run your application with 'debug' enabled.
2024-10-21T11:23:24.136+02:00 ERROR 491853 --- [main] o.s.boot.SpringApplication               : Application run failed

org.springframework.beans.factory.BeanCreationException: Error creating bean with name 'entityManagerFactory' defined in class path resource [org/springframework/boot/autoconfigure/orm/jpa/HibernateJpaConfiguration.class]: Unable to create requested service [org.hibernate.engine.jdbc.env.spi.JdbcEnvironment] due to: Unable to determine Dialect without JDBC metadata (please set 'jakarta.persistence.jdbc.url' for common cases or 'hibernate.dialect' when a custom Dialect implementation must be provided)
	at org.springframework.beans.factory.support.AbstractAutowireCapableBeanFactory.initializeBean(AbstractAutowireCapableBeanFactory.java:1806) ~[spring-beans-6.1.13.jar:6.1.13]
	at org.springframework.beans.factory.support.AbstractAutowireCapableBeanFactory.doCreateBean(AbstractAutowireCapableBeanFactory.java:600) ~[spring-beans-6.1.13.jar:6.1.13]
	at org.springframework.beans.factory.support.AbstractAutowireCapableBeanFactory.createBean(AbstractAutowireCapableBeanFactory.java:522) ~[spring-beans-6.1.13.jar:6.1.13]
	at org.springframework.beans.factory.support.AbstractBeanFactory.lambda$doGetBean$0(AbstractBeanFactory.java:337) ~[spring-beans-6.1.13.jar:6.1.13]
	at org.springframework.beans.factory.support.DefaultSingletonBeanRegistry.getSingleton(DefaultSingletonBeanRegistry.java:234) ~[spring-beans-6.1.13.jar:6.1.13]
	at org.springframework.beans.factory.support.AbstractBeanFactory.doGetBean(AbstractBeanFactory.java:335) ~[spring-beans-6.1.13.jar:6.1.13]
	at org.springframework.beans.factory.support.AbstractBeanFactory.getBean(AbstractBeanFactory.java:205) ~[spring-beans-6.1.13.jar:6.1.13]
	at org.springframework.context.support.AbstractApplicationContext.finishBeanFactoryInitialization(AbstractApplicationContext.java:954) ~[spring-context-6.1.13.jar:6.1.13]
	at org.springframework.context.support.AbstractApplicationContext.refresh(AbstractApplicationContext.java:625) ~[spring-context-6.1.13.jar:6.1.13]
	at org.springframework.boot.web.servlet.context.ServletWebServerApplicationContext.refresh(ServletWebServerApplicationContext.java:146) ~[spring-boot-3.3.4.jar:3.3.4]
	at org.springframework.boot.SpringApplication.refresh(SpringApplication.java:754) ~[spring-boot-3.3.4.jar:3.3.4]
	at org.springframework.boot.SpringApplication.refreshContext(SpringApplication.java:456) ~[spring-boot-3.3.4.jar:3.3.4]
	at org.springframework.boot.SpringApplication.run(SpringApplication.java:335) ~[spring-boot-3.3.4.jar:3.3.4]
	at org.springframework.boot.SpringApplication.run(SpringApplication.java:1363) ~[spring-boot-3.3.4.jar:3.3.4]
	at org.springframework.boot.SpringApplication.run(SpringApplication.java:1352) ~[spring-boot-3.3.4.jar:3.3.4]
	at ies.jandula.incidencia.IncidenciaApplication.main(IncidenciaApplication.java:21) ~[classes/:na]
Caused by: org.hibernate.service.spi.ServiceException: Unable to create requested service [org.hibernate.engine.jdbc.env.spi.JdbcEnvironment] due to: Unable to determine Dialect without JDBC metadata (please set 'jakarta.persistence.jdbc.url' for common cases or 'hibernate.dialect' when a custom Dialect implementation must be provided)
	at org.hibernate.service.internal.AbstractServiceRegistryImpl.createService(AbstractServiceRegistryImpl.java:276) ~[hibernate-core-6.5.3.Final.jar:6.5.3.Final]
	at org.hibernate.service.internal.AbstractServiceRegistryImpl.initializeService(AbstractServiceRegistryImpl.java:238) ~[hibernate-core-6.5.3.Final.jar:6.5.3.Final]
	at org.hibernate.service.internal.AbstractServiceRegistryImpl.getService(AbstractServiceRegistryImpl.java:215) ~[hibernate-core-6.5.3.Final.jar:6.5.3.Final]
	at org.hibernate.boot.model.relational.Database.<init>(Database.java:45) ~[hibernate-core-6.5.3.Final.jar:6.5.3.Final]
	at org.hibernate.boot.internal.InFlightMetadataCollectorImpl.getDatabase(InFlightMetadataCollectorImpl.java:221) ~[hibernate-core-6.5.3.Final.jar:6.5.3.Final]
	at org.hibernate.boot.internal.InFlightMetadataCollectorImpl.<init>(InFlightMetadataCollectorImpl.java:189) ~[hibernate-core-6.5.3.Final.jar:6.5.3.Final]
	at org.hibernate.boot.model.process.spi.MetadataBuildingProcess.complete(MetadataBuildingProcess.java:171) ~[hibernate-core-6.5.3.Final.jar:6.5.3.Final]
	at org.hibernate.jpa.boot.internal.EntityManagerFactoryBuilderImpl.metadata(EntityManagerFactoryBuilderImpl.java:1431) ~[hibernate-core-6.5.3.Final.jar:6.5.3.Final]
	at org.hibernate.jpa.boot.internal.EntityManagerFactoryBuilderImpl.build(EntityManagerFactoryBuilderImpl.java:1502) ~[hibernate-core-6.5.3.Final.jar:6.5.3.Final]
	at org.springframework.orm.jpa.vendor.SpringHibernateJpaPersistenceProvider.createContainerEntityManagerFactory(SpringHibernateJpaPersistenceProvider.java:75) ~[spring-orm-6.1.13.jar:6.1.13]
	at org.springframework.orm.jpa.LocalContainerEntityManagerFactoryBean.createNativeEntityManagerFactory(LocalContainerEntityManagerFactoryBean.java:390) ~[spring-orm-6.1.13.jar:6.1.13]
	at org.springframework.orm.jpa.AbstractEntityManagerFactoryBean.buildNativeEntityManagerFactory(AbstractEntityManagerFactoryBean.java:409) ~[spring-orm-6.1.13.jar:6.1.13]
	at org.springframework.orm.jpa.AbstractEntityManagerFactoryBean.afterPropertiesSet(AbstractEntityManagerFactoryBean.java:396) ~[spring-orm-6.1.13.jar:6.1.13]
	at org.springframework.orm.jpa.LocalContainerEntityManagerFactoryBean.afterPropertiesSet(LocalContainerEntityManagerFactoryBean.java:366) ~[spring-orm-6.1.13.jar:6.1.13]
	at org.springframework.beans.factory.support.AbstractAutowireCapableBeanFactory.invokeInitMethods(AbstractAutowireCapableBeanFactory.java:1853) ~[spring-beans-6.1.13.jar:6.1.13]
	at org.springframework.beans.factory.support.AbstractAutowireCapableBeanFactory.initializeBean(AbstractAutowireCapableBeanFactory.java:1802) ~[spring-beans-6.1.13.jar:6.1.13]
	... 15 common frames omitted
Caused by: org.hibernate.HibernateException: Unable to determine Dialect without JDBC metadata (please set 'jakarta.persistence.jdbc.url' for common cases or 'hibernate.dialect' when a custom Dialect implementation must be provided)
	at org.hibernate.engine.jdbc.dialect.internal.DialectFactoryImpl.determineDialect(DialectFactoryImpl.java:191) ~[hibernate-core-6.5.3.Final.jar:6.5.3.Final]
	at org.hibernate.engine.jdbc.dialect.internal.DialectFactoryImpl.buildDialect(DialectFactoryImpl.java:87) ~[hibernate-core-6.5.3.Final.jar:6.5.3.Final]
	at org.hibernate.engine.jdbc.env.internal.JdbcEnvironmentInitiator.getJdbcEnvironmentWithDefaults(JdbcEnvironmentInitiator.java:153) ~[hibernate-core-6.5.3.Final.jar:6.5.3.Final]
	at org.hibernate.engine.jdbc.env.internal.JdbcEnvironmentInitiator.getJdbcEnvironmentUsingJdbcMetadata(JdbcEnvironmentInitiator.java:364) ~[hibernate-core-6.5.3.Final.jar:6.5.3.Final]
	at org.hibernate.engine.jdbc.env.internal.JdbcEnvironmentInitiator.initiateService(JdbcEnvironmentInitiator.java:124) ~[hibernate-core-6.5.3.Final.jar:6.5.3.Final]
	at org.hibernate.engine.jdbc.env.internal.JdbcEnvironmentInitiator.initiateService(JdbcEnvironmentInitiator.java:78) ~[hibernate-core-6.5.3.Final.jar:6.5.3.Final]
	at org.hibernate.boot.registry.internal.StandardServiceRegistryImpl.initiateService(StandardServiceRegistryImpl.java:130) ~[hibernate-core-6.5.3.Final.jar:6.5.3.Final]
	at org.hibernate.service.internal.AbstractServiceRegistryImpl.createService(AbstractServiceRegistryImpl.java:263) ~[hibernate-core-6.5.3.Final.jar:6.5.3.Final]
	... 30 common frames omitted

2024-10-21T11:27:03.111+02:00  INFO 498956 --- [main] i.j.incidencia.IncidenciaApplication     : Starting IncidenciaApplication using Java 21.0.4 with PID 498956 (/home/jaydee/Github/Jandula_incidencias/incidencia/target/classes started by jaydee in /home/jaydee/Github/Jandula_incidencias/incidencia)
2024-10-21T11:27:03.112+02:00 DEBUG 498956 --- [main] i.j.incidencia.IncidenciaApplication     : Running with Spring Boot v3.3.4, Spring v6.1.13
2024-10-21T11:27:03.112+02:00  INFO 498956 --- [main] i.j.incidencia.IncidenciaApplication     : No active profile set, falling back to 1 default profile: "default"
2024-10-21T11:27:03.414+02:00  INFO 498956 --- [main] .s.d.r.c.RepositoryConfigurationDelegate : Bootstrapping Spring Data JPA repositories in DEFAULT mode.
2024-10-21T11:27:03.443+02:00  INFO 498956 --- [main] .s.d.r.c.RepositoryConfigurationDelegate : Finished Spring Data repository scanning in 25 ms. Found 1 JPA repository interface.
2024-10-21T11:27:03.710+02:00  INFO 498956 --- [main] o.s.b.w.embedded.tomcat.TomcatWebServer  : Tomcat initialized with port 8888 (http)
2024-10-21T11:27:03.719+02:00  INFO 498956 --- [main] o.apache.catalina.core.StandardService   : Starting service [Tomcat]
2024-10-21T11:27:03.719+02:00  INFO 498956 --- [main] o.apache.catalina.core.StandardEngine    : Starting Servlet engine: [Apache Tomcat/10.1.30]
2024-10-21T11:27:03.746+02:00  INFO 498956 --- [main] o.a.c.c.C.[Tomcat].[localhost].[/]       : Initializing Spring embedded WebApplicationContext
2024-10-21T11:27:03.746+02:00  INFO 498956 --- [main] w.s.c.ServletWebServerApplicationContext : Root WebApplicationContext: initialization completed in 612 ms
2024-10-21T11:27:03.834+02:00  INFO 498956 --- [main] o.hibernate.jpa.internal.util.LogHelper  : HHH000204: Processing PersistenceUnitInfo [name: default]
2024-10-21T11:27:03.857+02:00  INFO 498956 --- [main] org.hibernate.Version                    : HHH000412: Hibernate ORM core version 6.5.3.Final
2024-10-21T11:27:03.872+02:00  INFO 498956 --- [main] o.h.c.internal.RegionFactoryInitiator    : HHH000026: Second-level cache disabled
2024-10-21T11:27:04.009+02:00  INFO 498956 --- [main] o.s.o.j.p.SpringPersistenceUnitInfo      : No LoadTimeWeaver setup: ignoring JPA class transformer
2024-10-21T11:27:04.024+02:00  INFO 498956 --- [main] com.zaxxer.hikari.HikariDataSource       : HikariPool-1 - Starting...
2024-10-21T11:27:04.249+02:00  INFO 498956 --- [main] com.zaxxer.hikari.pool.HikariPool        : HikariPool-1 - Added connection com.mysql.cj.jdbc.ConnectionImpl@6fd9dbe6
2024-10-21T11:27:04.250+02:00  INFO 498956 --- [main] com.zaxxer.hikari.HikariDataSource       : HikariPool-1 - Start completed.
2024-10-21T11:27:04.715+02:00  INFO 498956 --- [main] o.h.e.t.j.p.i.JtaPlatformInitiator       : HHH000489: No JTA platform available (set 'hibernate.transaction.jta.platform' to enable JTA platform integration)
2024-10-21T11:27:04.743+02:00  INFO 498956 --- [main] j.LocalContainerEntityManagerFactoryBean : Initialized JPA EntityManagerFactory for persistence unit 'default'
2024-10-21T11:27:04.867+02:00  INFO 498956 --- [main] o.s.d.j.r.query.QueryEnhancerFactory     : Hibernate is in classpath; If applicable, HQL parser will be used.
2024-10-21T11:27:05.244+02:00  WARN 498956 --- [main] JpaBaseConfiguration$JpaWebConfiguration : spring.jpa.open-in-view is enabled by default. Therefore, database queries may be performed during view rendering. Explicitly configure spring.jpa.open-in-view to disable this warning
2024-10-21T11:27:05.412+02:00  INFO 498956 --- [main] o.s.b.w.embedded.tomcat.TomcatWebServer  : Tomcat started on port 8888 (http) with context path '/'
2024-10-21T11:27:05.417+02:00  INFO 498956 --- [main] i.j.incidencia.IncidenciaApplication     : Started IncidenciaApplication in 2.586 seconds (process running for 2.822)
2024-10-21T11:27:26.752+02:00  INFO 498956 --- [http-nio-8888-exec-1] o.a.c.c.C.[Tomcat].[localhost].[/]       : Initializing Spring DispatcherServlet 'dispatcherServlet'
2024-10-21T11:27:26.752+02:00  INFO 498956 --- [http-nio-8888-exec-1] o.s.web.servlet.DispatcherServlet        : Initializing Servlet 'dispatcherServlet'
2024-10-21T11:27:26.753+02:00  INFO 498956 --- [http-nio-8888-exec-1] o.s.web.servlet.DispatcherServlet        : Completed initialization in 1 ms
2024-10-21T11:27:26.830+02:00 DEBUG 498956 --- [http-nio-8888-exec-1] i.j.i.rest.IncidenciaController          : Parametros recibidos:
IncidenciaDTO(numeroAula=0.5, correoDocente=null, fechaIncidencia=null, descripcionIncidencia=La pizarra electronica no enciende., estadoIncidencia=null, comentario=null)
2024-10-21T11:27:26.830+02:00 DEBUG 498956 --- [http-nio-8888-exec-1] i.j.i.rest.IncidenciaController          : DEBUG: Objeto incidencia inicializado correctamente:
 IncidenciaEntity(numeroAula=0.5, correoDocente=dgia543@g.educaand.es, fechaIncidencia=2024-10-21T11:27:26.830415575, descripcionIncidencia=La pizarra electronica no enciende., estadoIncidencia=PENDIENTE, comentario=)
2024-10-21T11:27:26.911+02:00  INFO 498956 --- [http-nio-8888-exec-1] i.j.i.rest.IncidenciaController          : INFO: El objeto guardado en base de datos es:
IncidenciaEntity(numeroAula=0.5, correoDocente=dgia543@g.educaand.es, fechaIncidencia=2024-10-21T11:27:26.830415575, descripcionIncidencia=La pizarra electronica no enciende., estadoIncidencia=PENDIENTE, comentario=)
2024-10-21T11:27:32.055+02:00 DEBUG 498956 --- [http-nio-8888-exec-3] i.j.i.rest.IncidenciaController          : Parametros recibidos:
IncidenciaDTO(numeroAula=0.7, correoDocente=null, fechaIncidencia=null, descripcionIncidencia=El teclado del equipo 16 ha dejado de funcionar., estadoIncidencia=null, comentario=null)
2024-10-21T11:27:32.055+02:00 DEBUG 498956 --- [http-nio-8888-exec-3] i.j.i.rest.IncidenciaController          : DEBUG: Objeto incidencia inicializado correctamente:
 IncidenciaEntity(numeroAula=0.7, correoDocente=dgia543@g.educaand.es, fechaIncidencia=2024-10-21T11:27:32.055611466, descripcionIncidencia=El teclado del equipo 16 ha dejado de funcionar., estadoIncidencia=PENDIENTE, comentario=)
2024-10-21T11:27:32.066+02:00  INFO 498956 --- [http-nio-8888-exec-3] i.j.i.rest.IncidenciaController          : INFO: El objeto guardado en base de datos es:
IncidenciaEntity(numeroAula=0.7, correoDocente=dgia543@g.educaand.es, fechaIncidencia=2024-10-21T11:27:32.055611466, descripcionIncidencia=El teclado del equipo 16 ha dejado de funcionar., estadoIncidencia=PENDIENTE, comentario=)
2024-10-21T11:27:35.706+02:00 DEBUG 498956 --- [http-nio-8888-exec-4] i.j.i.rest.IncidenciaController          : Parametros recibidos:
IncidenciaDTO(numeroAula=1.1, correoDocente=null, fechaIncidencia=null, descripcionIncidencia=No hay acceso a internet., estadoIncidencia=null, comentario=null)
2024-10-21T11:27:35.706+02:00 DEBUG 498956 --- [http-nio-8888-exec-4] i.j.i.rest.IncidenciaController          : DEBUG: Objeto incidencia inicializado correctamente:
 IncidenciaEntity(numeroAula=1.1, correoDocente=jsotsan950@g.educaand.es, fechaIncidencia=2024-10-21T11:27:35.706880258, descripcionIncidencia=No hay acceso a internet., estadoIncidencia=PENDIENTE, comentario=)
2024-10-21T11:27:35.717+02:00  INFO 498956 --- [http-nio-8888-exec-4] i.j.i.rest.IncidenciaController          : INFO: El objeto guardado en base de datos es:
IncidenciaEntity(numeroAula=1.1, correoDocente=jsotsan950@g.educaand.es, fechaIncidencia=2024-10-21T11:27:35.706880258, descripcionIncidencia=No hay acceso a internet., estadoIncidencia=PENDIENTE, comentario=)
2024-10-21T11:27:39.391+02:00 DEBUG 498956 --- [http-nio-8888-exec-5] i.j.i.rest.IncidenciaController          : DEBUG: Parametros de busqueda recibidos:
 FiltroBusqueda(numeroAula=null, correoDocente=null, fechaInicio=null, fechaFin=null, descripcionIncidencia=null, estadoIncidencia=null, comentario=null)
2024-10-21T11:27:39.431+02:00 DEBUG 498956 --- [http-nio-8888-exec-5] i.j.i.rest.IncidenciaController          : DEBUG: Objetos encontrados 5
2024-10-21T11:27:56.272+02:00 DEBUG 498956 --- [http-nio-8888-exec-6] i.j.i.rest.IncidenciaController          : DEBUG: Parametros de busqueda recibidos:
 FiltroBusqueda(numeroAula=0.5, correoDocente=null, fechaInicio=null, fechaFin=null, descripcionIncidencia=null, estadoIncidencia=null, comentario=null)
2024-10-21T11:27:56.276+02:00 DEBUG 498956 --- [http-nio-8888-exec-6] i.j.i.rest.IncidenciaController          : DEBUG: Objetos encontrados 2
2024-10-21T11:28:01.489+02:00 DEBUG 498956 --- [http-nio-8888-exec-7] i.j.i.rest.IncidenciaController          : DEBUG: Parametros de busqueda recibidos:
 FiltroBusqueda(numeroAula=null, correoDocente=null, fechaInicio=null, fechaFin=null, descripcionIncidencia=pizarra, estadoIncidencia=null, comentario=null)
2024-10-21T11:28:01.493+02:00 DEBUG 498956 --- [http-nio-8888-exec-7] i.j.i.rest.IncidenciaController          : DEBUG: Objetos encontrados 2
2024-10-21T11:28:05.813+02:00 DEBUG 498956 --- [http-nio-8888-exec-8] i.j.i.rest.IncidenciaController          : DEBUG: Parametros de busqueda recibidos:
 FiltroBusqueda(numeroAula=null, correoDocente=null, fechaInicio=null, fechaFin=null, descripcionIncidencia=null, estadoIncidencia=PENDIENTE, comentario=null)
2024-10-21T11:28:05.816+02:00 DEBUG 498956 --- [http-nio-8888-exec-8] i.j.i.rest.IncidenciaController          : DEBUG: Objetos encontrados 5
2024-10-21T11:28:17.813+02:00 DEBUG 498956 --- [http-nio-8888-exec-9] i.j.i.rest.IncidenciaController          : DEBUG: Parametros de busqueda recibidos:
 FiltroBusqueda(numeroAula=null, correoDocente=null, fechaInicio=null, fechaFin=null, descripcionIncidencia=null, estadoIncidencia=EN CURSO, comentario=null)
2024-10-21T11:28:17.816+02:00 DEBUG 498956 --- [http-nio-8888-exec-9] i.j.i.rest.IncidenciaController          : DEBUG: Objetos encontrados 0
2024-10-21T11:28:17.817+02:00  INFO 498956 --- [http-nio-8888-exec-9] i.j.i.rest.IncidenciaController          : No se han encontrado incidencias con los criterios especificados.
2024-10-21T11:28:23.654+02:00 DEBUG 498956 --- [http-nio-8888-exec-10] i.j.i.rest.IncidenciaController          : DEBUG: Parametros de busqueda recibidos:
 FiltroBusqueda(numeroAula=null, correoDocente=null, fechaInicio=null, fechaFin=null, descripcionIncidencia=null, estadoIncidencia=EN PROGRESO, comentario=null)
2024-10-21T11:28:23.657+02:00 DEBUG 498956 --- [http-nio-8888-exec-10] i.j.i.rest.IncidenciaController          : DEBUG: Objetos encontrados 0
2024-10-21T11:28:23.657+02:00  INFO 498956 --- [http-nio-8888-exec-10] i.j.i.rest.IncidenciaController          : No se han encontrado incidencias con los criterios especificados.
2024-10-21T11:28:49.606+02:00 DEBUG 498956 --- [http-nio-8888-exec-2] i.j.i.rest.IncidenciaController          : DEBUG: Parametros de busqueda recibidos:
 FiltroBusqueda(numeroAula=null, correoDocente=null, fechaInicio=null, fechaFin=null, descripcionIncidencia=null, estadoIncidencia=null, comentario=null)
2024-10-21T11:28:49.609+02:00 DEBUG 498956 --- [http-nio-8888-exec-2] i.j.i.rest.IncidenciaController          : DEBUG: Objetos encontrados 5
2024-10-21T11:28:58.901+02:00 DEBUG 498956 --- [http-nio-8888-exec-1] i.j.i.rest.IncidenciaController          : DEBUG: Parametros de busqueda recibidos:
 FiltroBusqueda(numeroAula=, correoDocente=null, fechaInicio=null, fechaFin=null, descripcionIncidencia=null, estadoIncidencia=null, comentario=null)
2024-10-21T11:28:58.904+02:00 DEBUG 498956 --- [http-nio-8888-exec-1] i.j.i.rest.IncidenciaController          : DEBUG: Objetos encontrados 0
2024-10-21T11:28:58.904+02:00  INFO 498956 --- [http-nio-8888-exec-1] i.j.i.rest.IncidenciaController          : No se han encontrado incidencias con los criterios especificados.
2024-10-21T11:29:28.093+02:00 DEBUG 498956 --- [http-nio-8888-exec-3] i.j.i.rest.IncidenciaController          : DEBUG: Parametros de busqueda recibidos:
 FiltroBusqueda(numeroAula=null, correoDocente=null, fechaInicio=null, fechaFin=null, descripcionIncidencia=null, estadoIncidencia=PENDIENTE, comentario=null)
2024-10-21T11:29:28.096+02:00 DEBUG 498956 --- [http-nio-8888-exec-3] i.j.i.rest.IncidenciaController          : DEBUG: Objetos encontrados 5
2024-10-21T11:29:51.900+02:00 DEBUG 498956 --- [http-nio-8888-exec-4] i.j.i.rest.IncidenciaController          : DEBUG: Parametros de busqueda recibidos:
 FiltroBusqueda(numeroAula=null, correoDocente=null, fechaInicio=null, fechaFin=null, descripcionIncidencia=null, estadoIncidencia=null, comentario=null)
2024-10-21T11:29:51.904+02:00 DEBUG 498956 --- [http-nio-8888-exec-4] i.j.i.rest.IncidenciaController          : DEBUG: Objetos encontrados 5
2024-10-21T11:30:08.166+02:00 DEBUG 498956 --- [http-nio-8888-exec-5] i.j.i.rest.IncidenciaController          : DEBUG: Parametros de busqueda recibidos:
 FiltroBusqueda(numeroAula=0.5, correoDocente=null, fechaInicio=null, fechaFin=null, descripcionIncidencia=null, estadoIncidencia=PENDIENTE, comentario=null)
2024-10-21T11:30:08.169+02:00 DEBUG 498956 --- [http-nio-8888-exec-5] i.j.i.rest.IncidenciaController          : DEBUG: Objetos encontrados 2
2024-10-21T11:30:15.891+02:00 DEBUG 498956 --- [http-nio-8888-exec-6] i.j.i.rest.IncidenciaController          : DEBUG: Parametros de busqueda recibidos:
 FiltroBusqueda(numeroAula=0.7, correoDocente=null, fechaInicio=null, fechaFin=null, descripcionIncidencia=null, estadoIncidencia=PENDIENTE, comentario=null)
2024-10-21T11:30:15.894+02:00 DEBUG 498956 --- [http-nio-8888-exec-6] i.j.i.rest.IncidenciaController          : DEBUG: Objetos encontrados 1
2024-10-21T11:31:27.570+02:00 DEBUG 498956 --- [http-nio-8888-exec-9] i.j.incidencia.mappers.IncidenciaMapper  : DEBUG: Nueva incidencia creada
2024-10-21T11:31:27.570+02:00 DEBUG 498956 --- [http-nio-8888-exec-9] i.j.incidencia.mappers.IncidenciaMapper  : DEBUG: Incidencia mapeada con éxito.
 Incidenecia: IncidenciaEntity(numeroAula=0.7, correoDocente=dgia543@g.educaand.es, fechaIncidencia=2024-10-18T17:47:25.172178, descripcionIncidencia=El teclado del equipo 16 ha dejado de funcionar., estadoIncidencia=PENDIENTE, comentario=)
2024-10-21T11:31:31.903+02:00 DEBUG 498956 --- [http-nio-8888-exec-10] i.j.i.rest.IncidenciaController          : DEBUG: Parametros de busqueda recibidos:
 FiltroBusqueda(numeroAula=0.7, correoDocente=null, fechaInicio=null, fechaFin=null, descripcionIncidencia=null, estadoIncidencia=PENDIENTE, comentario=null)
2024-10-21T11:31:31.907+02:00 DEBUG 498956 --- [http-nio-8888-exec-10] i.j.i.rest.IncidenciaController          : DEBUG: Objetos encontrados 1
2024-10-21T11:31:39.939+02:00 DEBUG 498956 --- [http-nio-8888-exec-2] i.j.incidencia.mappers.IncidenciaMapper  : DEBUG: Nueva incidencia creada
2024-10-21T11:31:39.939+02:00 DEBUG 498956 --- [http-nio-8888-exec-2] i.j.incidencia.mappers.IncidenciaMapper  : DEBUG: Incidencia mapeada con éxito.
 Incidenecia: IncidenciaEntity(numeroAula=0.7, correoDocente=dgia543@g.educaand.es, fechaIncidencia=2024-10-21T11:27:32.055611, descripcionIncidencia=El teclado del equipo 16 ha dejado de funcionar., estadoIncidencia=PENDIENTE, comentario=)
2024-10-21T11:31:39.958+02:00  INFO 498956 --- [http-nio-8888-exec-2] i.j.i.rest.IncidenciaController          : INFO: Incidencia eliminada con exito.
IncidenciaEntity(numeroAula=0.7, correoDocente=dgia543@g.educaand.es, fechaIncidencia=2024-10-21T11:27:32.055611, descripcionIncidencia=El teclado del equipo 16 ha dejado de funcionar., estadoIncidencia=PENDIENTE, comentario=)
2024-10-21T11:31:44.190+02:00 DEBUG 498956 --- [http-nio-8888-exec-1] i.j.incidencia.mappers.IncidenciaMapper  : DEBUG: Nueva incidencia creada
2024-10-21T11:31:44.191+02:00 DEBUG 498956 --- [http-nio-8888-exec-1] i.j.incidencia.mappers.IncidenciaMapper  : DEBUG: Incidencia mapeada con éxito.
 Incidenecia: IncidenciaEntity(numeroAula=0.7, correoDocente=dgia543@g.educaand.es, fechaIncidencia=2024-10-21T11:27:32.055611, descripcionIncidencia=El teclado del equipo 16 ha dejado de funcionar., estadoIncidencia=PENDIENTE, comentario=)
2024-10-21T11:31:49.730+02:00 DEBUG 498956 --- [http-nio-8888-exec-3] i.j.i.rest.IncidenciaController          : DEBUG: Parametros de busqueda recibidos:
 FiltroBusqueda(numeroAula=0.7, correoDocente=null, fechaInicio=null, fechaFin=null, descripcionIncidencia=null, estadoIncidencia=PENDIENTE, comentario=null)
2024-10-21T11:31:49.733+02:00 DEBUG 498956 --- [http-nio-8888-exec-3] i.j.i.rest.IncidenciaController          : DEBUG: Objetos encontrados 0
2024-10-21T11:31:49.733+02:00  INFO 498956 --- [http-nio-8888-exec-3] i.j.i.rest.IncidenciaController          : No se han encontrado incidencias con los criterios especificados.
2024-10-21T11:31:51.511+02:00  WARN 498956 --- [http-nio-8888-exec-4] .w.s.m.s.DefaultHandlerExceptionResolver : Resolved [org.springframework.http.converter.HttpMessageNotReadableException: Required request body is missing: public org.springframework.http.ResponseEntity<?> ies.jandula.incidencia.rest.IncidenciaController.buscaIncidencia(ies.jandula.incidencia.dto.FiltroBusqueda)]
2024-10-21T11:31:56.224+02:00 DEBUG 498956 --- [http-nio-8888-exec-6] i.j.i.rest.IncidenciaController          : DEBUG: Parametros de busqueda recibidos:
 FiltroBusqueda(numeroAula=null, correoDocente=null, fechaInicio=null, fechaFin=null, descripcionIncidencia=null, estadoIncidencia=null, comentario=null)
2024-10-21T11:31:56.227+02:00 DEBUG 498956 --- [http-nio-8888-exec-6] i.j.i.rest.IncidenciaController          : DEBUG: Objetos encontrados 4
2024-10-21T11:32:23.534+02:00 DEBUG 498956 --- [http-nio-8888-exec-7] i.j.i.rest.IncidenciaController          : Parametros recibidos:
IncidenciaDTO(numeroAula=0.5, correoDocente=dgia543@g.educaand.es, fechaIncidencia=2024-10-18T17:48:17.989287, descripcionIncidencia=La pizarra electronica no enciende., estadoIncidencia=RESUELTA, comentario=La pizarra ya funciona.)
2024-10-21T11:32:23.534+02:00 DEBUG 498956 --- [http-nio-8888-exec-7] i.j.incidencia.mappers.IncidenciaMapper  : DEBUG: Nueva incidencia creada
2024-10-21T11:32:23.534+02:00 DEBUG 498956 --- [http-nio-8888-exec-7] i.j.incidencia.mappers.IncidenciaMapper  : DEBUG: Incidencia mapeada con éxito.
 Incidenecia: IncidenciaEntity(numeroAula=0.5, correoDocente=dgia543@g.educaand.es, fechaIncidencia=2024-10-18T17:48:17.989287, descripcionIncidencia=La pizarra electronica no enciende., estadoIncidencia=RESUELTA, comentario=La pizarra ya funciona.)
2024-10-21T11:32:23.535+02:00 DEBUG 498956 --- [http-nio-8888-exec-7] i.j.i.rest.IncidenciaController          : DEBUG: Nueva incidencia mapeada desde DTO con éxito.
 IncidenciaEntity(numeroAula=0.5, correoDocente=dgia543@g.educaand.es, fechaIncidencia=2024-10-18T17:48:17.989287, descripcionIncidencia=La pizarra electronica no enciende., estadoIncidencia=RESUELTA, comentario=La pizarra ya funciona.)
2024-10-21T11:32:23.552+02:00  INFO 498956 --- [http-nio-8888-exec-7] i.j.i.rest.IncidenciaController          : INFO: Objeto actualizado:
IncidenciaEntity(numeroAula=0.5, correoDocente=dgia543@g.educaand.es, fechaIncidencia=2024-10-18T17:48:17.989287, descripcionIncidencia=La pizarra electronica no enciende., estadoIncidencia=RESUELTA, comentario=La pizarra ya funciona.)
2024-10-21T11:32:27.531+02:00 DEBUG 498956 --- [http-nio-8888-exec-8] i.j.i.rest.IncidenciaController          : DEBUG: Parametros de busqueda recibidos:
 FiltroBusqueda(numeroAula=null, correoDocente=null, fechaInicio=null, fechaFin=null, descripcionIncidencia=null, estadoIncidencia=null, comentario=null)
2024-10-21T11:32:27.534+02:00 DEBUG 498956 --- [http-nio-8888-exec-8] i.j.i.rest.IncidenciaController          : DEBUG: Objetos encontrados 4
2024-10-21T12:43:50.270+02:00 DEBUG 498956 --- [http-nio-8888-exec-2] i.j.i.rest.IncidenciaController          : Parametros recibidos:
IncidenciaDTO(numeroAula=0.5, correoDocente=null, fechaIncidencia=null, descripcionIncidencia=Lorem ipsum dolor sit amet, consectetur adipiscing elit. Integer nec odio. Praesent libero. Sed cursus ante dapibus diam. Sed nisi. Nulla quis sem at nibh elementum imperdiet. Duis sagittis ipsum. Praesent mauris. Fusce nec tellus sed augue semper porta.., estadoIncidencia=null, comentario=null)
2024-10-21T12:43:50.270+02:00 DEBUG 498956 --- [http-nio-8888-exec-2] i.j.i.rest.IncidenciaController          : DEBUG: Objeto incidencia inicializado correctamente:
 IncidenciaEntity(numeroAula=0.5, correoDocente=dgia543@g.educaand.es, fechaIncidencia=2024-10-21T12:43:50.270760926, descripcionIncidencia=Lorem ipsum dolor sit amet, consectetur adipiscing elit. Integer nec odio. Praesent libero. Sed cursus ante dapibus diam. Sed nisi. Nulla quis sem at nibh elementum imperdiet. Duis sagittis ipsum. Praesent mauris. Fusce nec tellus sed augue semper porta.., estadoIncidencia=PENDIENTE, comentario=)
2024-10-21T12:43:50.286+02:00  WARN 498956 --- [http-nio-8888-exec-2] o.h.engine.jdbc.spi.SqlExceptionHelper   : SQL Error: 1406, SQLState: 22001
2024-10-21T12:43:50.286+02:00 ERROR 498956 --- [http-nio-8888-exec-2] o.h.engine.jdbc.spi.SqlExceptionHelper   : Data truncation: Data too long for column 'descripcion_incidencia' at row 1
2024-10-21T12:43:50.291+02:00 ERROR 498956 --- [http-nio-8888-exec-2] i.j.i.rest.IncidenciaController          : Excepción capturada en crearIncidencia(): could not execute statement [Data truncation: Data too long for column 'descripcion_incidencia' at row 1] [insert into incidencias (comentario,descripcion_incidencia,estado_incidencia,correo_docente,fecha_incidencia,numero_aula) values (?,?,?,?,?,?)]; SQL [insert into incidencias (comentario,descripcion_incidencia,estado_incidencia,correo_docente,fecha_incidencia,numero_aula) values (?,?,?,?,?,?)]

org.springframework.dao.DataIntegrityViolationException: could not execute statement [Data truncation: Data too long for column 'descripcion_incidencia' at row 1] [insert into incidencias (comentario,descripcion_incidencia,estado_incidencia,correo_docente,fecha_incidencia,numero_aula) values (?,?,?,?,?,?)]; SQL [insert into incidencias (comentario,descripcion_incidencia,estado_incidencia,correo_docente,fecha_incidencia,numero_aula) values (?,?,?,?,?,?)]
	at org.springframework.orm.jpa.vendor.HibernateJpaDialect.convertHibernateAccessException(HibernateJpaDialect.java:293) ~[spring-orm-6.1.13.jar:6.1.13]
	at org.springframework.orm.jpa.vendor.HibernateJpaDialect.translateExceptionIfPossible(HibernateJpaDialect.java:241) ~[spring-orm-6.1.13.jar:6.1.13]
	at org.springframework.orm.jpa.AbstractEntityManagerFactoryBean.translateExceptionIfPossible(AbstractEntityManagerFactoryBean.java:550) ~[spring-orm-6.1.13.jar:6.1.13]
	at org.springframework.dao.support.ChainedPersistenceExceptionTranslator.translateExceptionIfPossible(ChainedPersistenceExceptionTranslator.java:61) ~[spring-tx-6.1.13.jar:6.1.13]
	at org.springframework.dao.support.DataAccessUtils.translateIfNecessary(DataAccessUtils.java:335) ~[spring-tx-6.1.13.jar:6.1.13]
	at org.springframework.dao.support.PersistenceExceptionTranslationInterceptor.invoke(PersistenceExceptionTranslationInterceptor.java:160) ~[spring-tx-6.1.13.jar:6.1.13]
	at org.springframework.aop.framework.ReflectiveMethodInvocation.proceed(ReflectiveMethodInvocation.java:184) ~[spring-aop-6.1.13.jar:6.1.13]
	at org.springframework.data.jpa.repository.support.CrudMethodMetadataPostProcessor$CrudMethodMetadataPopulatingMethodInterceptor.invoke(CrudMethodMetadataPostProcessor.java:165) ~[spring-data-jpa-3.3.4.jar:3.3.4]
	at org.springframework.aop.framework.ReflectiveMethodInvocation.proceed(ReflectiveMethodInvocation.java:184) ~[spring-aop-6.1.13.jar:6.1.13]
	at org.springframework.aop.interceptor.ExposeInvocationInterceptor.invoke(ExposeInvocationInterceptor.java:97) ~[spring-aop-6.1.13.jar:6.1.13]
	at org.springframework.aop.framework.ReflectiveMethodInvocation.proceed(ReflectiveMethodInvocation.java:184) ~[spring-aop-6.1.13.jar:6.1.13]
	at org.springframework.aop.framework.JdkDynamicAopProxy.invoke(JdkDynamicAopProxy.java:223) ~[spring-aop-6.1.13.jar:6.1.13]
	at jdk.proxy2/jdk.proxy2.$Proxy114.saveAndFlush(Unknown Source) ~[na:na]
	at ies.jandula.incidencia.rest.IncidenciaController.crearIncidencia(IncidenciaController.java:142) ~[classes/:na]
	at java.base/jdk.internal.reflect.DirectMethodHandleAccessor.invoke(DirectMethodHandleAccessor.java:103) ~[na:na]
	at java.base/java.lang.reflect.Method.invoke(Method.java:580) ~[na:na]
	at org.springframework.web.method.support.InvocableHandlerMethod.doInvoke(InvocableHandlerMethod.java:255) ~[spring-web-6.1.13.jar:6.1.13]
	at org.springframework.web.method.support.InvocableHandlerMethod.invokeForRequest(InvocableHandlerMethod.java:188) ~[spring-web-6.1.13.jar:6.1.13]
	at org.springframework.web.servlet.mvc.method.annotation.ServletInvocableHandlerMethod.invokeAndHandle(ServletInvocableHandlerMethod.java:118) ~[spring-webmvc-6.1.13.jar:6.1.13]
	at org.springframework.web.servlet.mvc.method.annotation.RequestMappingHandlerAdapter.invokeHandlerMethod(RequestMappingHandlerAdapter.java:926) ~[spring-webmvc-6.1.13.jar:6.1.13]
	at org.springframework.web.servlet.mvc.method.annotation.RequestMappingHandlerAdapter.handleInternal(RequestMappingHandlerAdapter.java:831) ~[spring-webmvc-6.1.13.jar:6.1.13]
	at org.springframework.web.servlet.mvc.method.AbstractHandlerMethodAdapter.handle(AbstractHandlerMethodAdapter.java:87) ~[spring-webmvc-6.1.13.jar:6.1.13]
	at org.springframework.web.servlet.DispatcherServlet.doDispatch(DispatcherServlet.java:1089) ~[spring-webmvc-6.1.13.jar:6.1.13]
	at org.springframework.web.servlet.DispatcherServlet.doService(DispatcherServlet.java:979) ~[spring-webmvc-6.1.13.jar:6.1.13]
	at org.springframework.web.servlet.FrameworkServlet.processRequest(FrameworkServlet.java:1014) ~[spring-webmvc-6.1.13.jar:6.1.13]
	at org.springframework.web.servlet.FrameworkServlet.doPost(FrameworkServlet.java:914) ~[spring-webmvc-6.1.13.jar:6.1.13]
	at jakarta.servlet.http.HttpServlet.service(HttpServlet.java:590) ~[tomcat-embed-core-10.1.30.jar:6.0]
	at org.springframework.web.servlet.FrameworkServlet.service(FrameworkServlet.java:885) ~[spring-webmvc-6.1.13.jar:6.1.13]
	at jakarta.servlet.http.HttpServlet.service(HttpServlet.java:658) ~[tomcat-embed-core-10.1.30.jar:6.0]
	at org.apache.catalina.core.ApplicationFilterChain.internalDoFilter(ApplicationFilterChain.java:195) ~[tomcat-embed-core-10.1.30.jar:10.1.30]
	at org.apache.catalina.core.ApplicationFilterChain.doFilter(ApplicationFilterChain.java:140) ~[tomcat-embed-core-10.1.30.jar:10.1.30]
	at org.apache.tomcat.websocket.server.WsFilter.doFilter(WsFilter.java:51) ~[tomcat-embed-websocket-10.1.30.jar:10.1.30]
	at org.apache.catalina.core.ApplicationFilterChain.internalDoFilter(ApplicationFilterChain.java:164) ~[tomcat-embed-core-10.1.30.jar:10.1.30]
	at org.apache.catalina.core.ApplicationFilterChain.doFilter(ApplicationFilterChain.java:140) ~[tomcat-embed-core-10.1.30.jar:10.1.30]
	at org.springframework.web.filter.RequestContextFilter.doFilterInternal(RequestContextFilter.java:100) ~[spring-web-6.1.13.jar:6.1.13]
	at org.springframework.web.filter.OncePerRequestFilter.doFilter(OncePerRequestFilter.java:116) ~[spring-web-6.1.13.jar:6.1.13]
	at org.apache.catalina.core.ApplicationFilterChain.internalDoFilter(ApplicationFilterChain.java:164) ~[tomcat-embed-core-10.1.30.jar:10.1.30]
	at org.apache.catalina.core.ApplicationFilterChain.doFilter(ApplicationFilterChain.java:140) ~[tomcat-embed-core-10.1.30.jar:10.1.30]
	at org.springframework.web.filter.FormContentFilter.doFilterInternal(FormContentFilter.java:93) ~[spring-web-6.1.13.jar:6.1.13]
	at org.springframework.web.filter.OncePerRequestFilter.doFilter(OncePerRequestFilter.java:116) ~[spring-web-6.1.13.jar:6.1.13]
	at org.apache.catalina.core.ApplicationFilterChain.internalDoFilter(ApplicationFilterChain.java:164) ~[tomcat-embed-core-10.1.30.jar:10.1.30]
	at org.apache.catalina.core.ApplicationFilterChain.doFilter(ApplicationFilterChain.java:140) ~[tomcat-embed-core-10.1.30.jar:10.1.30]
	at org.springframework.web.filter.CharacterEncodingFilter.doFilterInternal(CharacterEncodingFilter.java:201) ~[spring-web-6.1.13.jar:6.1.13]
	at org.springframework.web.filter.OncePerRequestFilter.doFilter(OncePerRequestFilter.java:116) ~[spring-web-6.1.13.jar:6.1.13]
	at org.apache.catalina.core.ApplicationFilterChain.internalDoFilter(ApplicationFilterChain.java:164) ~[tomcat-embed-core-10.1.30.jar:10.1.30]
	at org.apache.catalina.core.ApplicationFilterChain.doFilter(ApplicationFilterChain.java:140) ~[tomcat-embed-core-10.1.30.jar:10.1.30]
	at org.apache.catalina.core.StandardWrapperValve.invoke(StandardWrapperValve.java:167) ~[tomcat-embed-core-10.1.30.jar:10.1.30]
	at org.apache.catalina.core.StandardContextValve.invoke(StandardContextValve.java:90) ~[tomcat-embed-core-10.1.30.jar:10.1.30]
	at org.apache.catalina.authenticator.AuthenticatorBase.invoke(AuthenticatorBase.java:483) ~[tomcat-embed-core-10.1.30.jar:10.1.30]
	at org.apache.catalina.core.StandardHostValve.invoke(StandardHostValve.java:115) ~[tomcat-embed-core-10.1.30.jar:10.1.30]
	at org.apache.catalina.valves.ErrorReportValve.invoke(ErrorReportValve.java:93) ~[tomcat-embed-core-10.1.30.jar:10.1.30]
	at org.apache.catalina.core.StandardEngineValve.invoke(StandardEngineValve.java:74) ~[tomcat-embed-core-10.1.30.jar:10.1.30]
	at org.apache.catalina.connector.CoyoteAdapter.service(CoyoteAdapter.java:344) ~[tomcat-embed-core-10.1.30.jar:10.1.30]
	at org.apache.coyote.http11.Http11Processor.service(Http11Processor.java:384) ~[tomcat-embed-core-10.1.30.jar:10.1.30]
	at org.apache.coyote.AbstractProcessorLight.process(AbstractProcessorLight.java:63) ~[tomcat-embed-core-10.1.30.jar:10.1.30]
	at org.apache.coyote.AbstractProtocol$ConnectionHandler.process(AbstractProtocol.java:905) ~[tomcat-embed-core-10.1.30.jar:10.1.30]
	at org.apache.tomcat.util.net.NioEndpoint$SocketProcessor.doRun(NioEndpoint.java:1741) ~[tomcat-embed-core-10.1.30.jar:10.1.30]
	at org.apache.tomcat.util.net.SocketProcessorBase.run(SocketProcessorBase.java:52) ~[tomcat-embed-core-10.1.30.jar:10.1.30]
	at org.apache.tomcat.util.threads.ThreadPoolExecutor.runWorker(ThreadPoolExecutor.java:1190) ~[tomcat-embed-core-10.1.30.jar:10.1.30]
	at org.apache.tomcat.util.threads.ThreadPoolExecutor$Worker.run(ThreadPoolExecutor.java:659) ~[tomcat-embed-core-10.1.30.jar:10.1.30]
	at org.apache.tomcat.util.threads.TaskThread$WrappingRunnable.run(TaskThread.java:63) ~[tomcat-embed-core-10.1.30.jar:10.1.30]
	at java.base/java.lang.Thread.run(Thread.java:1583) ~[na:na]
Caused by: org.hibernate.exception.DataException: could not execute statement [Data truncation: Data too long for column 'descripcion_incidencia' at row 1] [insert into incidencias (comentario,descripcion_incidencia,estado_incidencia,correo_docente,fecha_incidencia,numero_aula) values (?,?,?,?,?,?)]
	at org.hibernate.exception.internal.SQLExceptionTypeDelegate.convert(SQLExceptionTypeDelegate.java:55) ~[hibernate-core-6.5.3.Final.jar:6.5.3.Final]
	at org.hibernate.exception.internal.StandardSQLExceptionConverter.convert(StandardSQLExceptionConverter.java:58) ~[hibernate-core-6.5.3.Final.jar:6.5.3.Final]
	at org.hibernate.engine.jdbc.spi.SqlExceptionHelper.convert(SqlExceptionHelper.java:108) ~[hibernate-core-6.5.3.Final.jar:6.5.3.Final]
	at org.hibernate.engine.jdbc.internal.ResultSetReturnImpl.executeUpdate(ResultSetReturnImpl.java:197) ~[hibernate-core-6.5.3.Final.jar:6.5.3.Final]
	at org.hibernate.engine.jdbc.mutation.internal.AbstractMutationExecutor.performNonBatchedMutation(AbstractMutationExecutor.java:134) ~[hibernate-core-6.5.3.Final.jar:6.5.3.Final]
	at org.hibernate.engine.jdbc.mutation.internal.MutationExecutorSingleNonBatched.performNonBatchedOperations(MutationExecutorSingleNonBatched.java:55) ~[hibernate-core-6.5.3.Final.jar:6.5.3.Final]
	at org.hibernate.engine.jdbc.mutation.internal.AbstractMutationExecutor.execute(AbstractMutationExecutor.java:55) ~[hibernate-core-6.5.3.Final.jar:6.5.3.Final]
	at org.hibernate.persister.entity.mutation.InsertCoordinatorStandard.doStaticInserts(InsertCoordinatorStandard.java:194) ~[hibernate-core-6.5.3.Final.jar:6.5.3.Final]
	at org.hibernate.persister.entity.mutation.InsertCoordinatorStandard.coordinateInsert(InsertCoordinatorStandard.java:132) ~[hibernate-core-6.5.3.Final.jar:6.5.3.Final]
	at org.hibernate.persister.entity.mutation.InsertCoordinatorStandard.insert(InsertCoordinatorStandard.java:104) ~[hibernate-core-6.5.3.Final.jar:6.5.3.Final]
	at org.hibernate.action.internal.EntityInsertAction.execute(EntityInsertAction.java:110) ~[hibernate-core-6.5.3.Final.jar:6.5.3.Final]
	at org.hibernate.engine.spi.ActionQueue.executeActions(ActionQueue.java:633) ~[hibernate-core-6.5.3.Final.jar:6.5.3.Final]
	at org.hibernate.engine.spi.ActionQueue.executeActions(ActionQueue.java:500) ~[hibernate-core-6.5.3.Final.jar:6.5.3.Final]
	at org.hibernate.event.internal.AbstractFlushingEventListener.performExecutions(AbstractFlushingEventListener.java:385) ~[hibernate-core-6.5.3.Final.jar:6.5.3.Final]
	at org.hibernate.event.internal.DefaultFlushEventListener.onFlush(DefaultFlushEventListener.java:41) ~[hibernate-core-6.5.3.Final.jar:6.5.3.Final]
	at org.hibernate.event.service.internal.EventListenerGroupImpl.fireEventOnEachListener(EventListenerGroupImpl.java:127) ~[hibernate-core-6.5.3.Final.jar:6.5.3.Final]
	at org.hibernate.internal.SessionImpl.doFlush(SessionImpl.java:1425) ~[hibernate-core-6.5.3.Final.jar:6.5.3.Final]
	at org.hibernate.internal.SessionImpl.flush(SessionImpl.java:1411) ~[hibernate-core-6.5.3.Final.jar:6.5.3.Final]
	at java.base/jdk.internal.reflect.DirectMethodHandleAccessor.invoke(DirectMethodHandleAccessor.java:103) ~[na:na]
	at java.base/java.lang.reflect.Method.invoke(Method.java:580) ~[na:na]
	at org.springframework.orm.jpa.ExtendedEntityManagerCreator$ExtendedEntityManagerInvocationHandler.invoke(ExtendedEntityManagerCreator.java:364) ~[spring-orm-6.1.13.jar:6.1.13]
	at jdk.proxy2/jdk.proxy2.$Proxy108.flush(Unknown Source) ~[na:na]
	at java.base/jdk.internal.reflect.DirectMethodHandleAccessor.invoke(DirectMethodHandleAccessor.java:103) ~[na:na]
	at java.base/java.lang.reflect.Method.invoke(Method.java:580) ~[na:na]
	at org.springframework.orm.jpa.SharedEntityManagerCreator$SharedEntityManagerInvocationHandler.invoke(SharedEntityManagerCreator.java:319) ~[spring-orm-6.1.13.jar:6.1.13]
	at jdk.proxy2/jdk.proxy2.$Proxy108.flush(Unknown Source) ~[na:na]
	at org.springframework.data.jpa.repository.support.SimpleJpaRepository.flush(SimpleJpaRepository.java:671) ~[spring-data-jpa-3.3.4.jar:3.3.4]
	at org.springframework.data.jpa.repository.support.SimpleJpaRepository.saveAndFlush(SimpleJpaRepository.java:638) ~[spring-data-jpa-3.3.4.jar:3.3.4]
	at java.base/jdk.internal.reflect.DirectMethodHandleAccessor.invoke(DirectMethodHandleAccessor.java:103) ~[na:na]
	at java.base/java.lang.reflect.Method.invoke(Method.java:580) ~[na:na]
	at org.springframework.aop.support.AopUtils.invokeJoinpointUsingReflection(AopUtils.java:355) ~[spring-aop-6.1.13.jar:6.1.13]
	at org.springframework.data.repository.core.support.RepositoryMethodInvoker$RepositoryFragmentMethodInvoker.lambda$new$0(RepositoryMethodInvoker.java:277) ~[spring-data-commons-3.3.4.jar:3.3.4]
	at org.springframework.data.repository.core.support.RepositoryMethodInvoker.doInvoke(RepositoryMethodInvoker.java:170) ~[spring-data-commons-3.3.4.jar:3.3.4]
	at org.springframework.data.repository.core.support.RepositoryMethodInvoker.invoke(RepositoryMethodInvoker.java:158) ~[spring-data-commons-3.3.4.jar:3.3.4]
	at org.springframework.data.repository.core.support.RepositoryComposition$RepositoryFragments.invoke(RepositoryComposition.java:516) ~[spring-data-commons-3.3.4.jar:3.3.4]
	at org.springframework.data.repository.core.support.RepositoryComposition.invoke(RepositoryComposition.java:285) ~[spring-data-commons-3.3.4.jar:3.3.4]
	at org.springframework.data.repository.core.support.RepositoryFactorySupport$ImplementationMethodExecutionInterceptor.invoke(RepositoryFactorySupport.java:628) ~[spring-data-commons-3.3.4.jar:3.3.4]
	at org.springframework.aop.framework.ReflectiveMethodInvocation.proceed(ReflectiveMethodInvocation.java:184) ~[spring-aop-6.1.13.jar:6.1.13]
	at org.springframework.data.repository.core.support.QueryExecutorMethodInterceptor.doInvoke(QueryExecutorMethodInterceptor.java:173) ~[spring-data-commons-3.3.4.jar:3.3.4]
	at org.springframework.data.repository.core.support.QueryExecutorMethodInterceptor.invoke(QueryExecutorMethodInterceptor.java:148) ~[spring-data-commons-3.3.4.jar:3.3.4]
	at org.springframework.aop.framework.ReflectiveMethodInvocation.proceed(ReflectiveMethodInvocation.java:184) ~[spring-aop-6.1.13.jar:6.1.13]
	at org.springframework.data.projection.DefaultMethodInvokingMethodInterceptor.invoke(DefaultMethodInvokingMethodInterceptor.java:70) ~[spring-data-commons-3.3.4.jar:3.3.4]
	at org.springframework.aop.framework.ReflectiveMethodInvocation.proceed(ReflectiveMethodInvocation.java:184) ~[spring-aop-6.1.13.jar:6.1.13]
	at org.springframework.transaction.interceptor.TransactionAspectSupport.invokeWithinTransaction(TransactionAspectSupport.java:379) ~[spring-tx-6.1.13.jar:6.1.13]
	at org.springframework.transaction.interceptor.TransactionInterceptor.invoke(TransactionInterceptor.java:119) ~[spring-tx-6.1.13.jar:6.1.13]
	at org.springframework.aop.framework.ReflectiveMethodInvocation.proceed(ReflectiveMethodInvocation.java:184) ~[spring-aop-6.1.13.jar:6.1.13]
	at org.springframework.dao.support.PersistenceExceptionTranslationInterceptor.invoke(PersistenceExceptionTranslationInterceptor.java:138) ~[spring-tx-6.1.13.jar:6.1.13]
	... 56 common frames omitted
Caused by: com.mysql.cj.jdbc.exceptions.MysqlDataTruncation: Data truncation: Data too long for column 'descripcion_incidencia' at row 1
	at com.mysql.cj.jdbc.exceptions.SQLExceptionsMapping.translateException(SQLExceptionsMapping.java:104) ~[mysql-connector-j-8.3.0.jar:8.3.0]
	at com.mysql.cj.jdbc.ClientPreparedStatement.executeInternal(ClientPreparedStatement.java:912) ~[mysql-connector-j-8.3.0.jar:8.3.0]
	at com.mysql.cj.jdbc.ClientPreparedStatement.executeUpdateInternal(ClientPreparedStatement.java:1054) ~[mysql-connector-j-8.3.0.jar:8.3.0]
	at com.mysql.cj.jdbc.ClientPreparedStatement.executeUpdateInternal(ClientPreparedStatement.java:1003) ~[mysql-connector-j-8.3.0.jar:8.3.0]
	at com.mysql.cj.jdbc.ClientPreparedStatement.executeLargeUpdate(ClientPreparedStatement.java:1312) ~[mysql-connector-j-8.3.0.jar:8.3.0]
	at com.mysql.cj.jdbc.ClientPreparedStatement.executeUpdate(ClientPreparedStatement.java:988) ~[mysql-connector-j-8.3.0.jar:8.3.0]
	at com.zaxxer.hikari.pool.ProxyPreparedStatement.executeUpdate(ProxyPreparedStatement.java:61) ~[HikariCP-5.1.0.jar:na]
	at com.zaxxer.hikari.pool.HikariProxyPreparedStatement.executeUpdate(HikariProxyPreparedStatement.java) ~[HikariCP-5.1.0.jar:na]
	at org.hibernate.engine.jdbc.internal.ResultSetReturnImpl.executeUpdate(ResultSetReturnImpl.java:194) ~[hibernate-core-6.5.3.Final.jar:6.5.3.Final]
	... 99 common frames omitted

2024-10-21T12:54:00.440+02:00  INFO 498956 --- [SpringApplicationShutdownHook] j.LocalContainerEntityManagerFactoryBean : Closing JPA EntityManagerFactory for persistence unit 'default'
2024-10-21T12:54:00.441+02:00  INFO 498956 --- [SpringApplicationShutdownHook] com.zaxxer.hikari.HikariDataSource       : HikariPool-1 - Shutdown initiated...
2024-10-21T12:54:00.444+02:00  INFO 498956 --- [SpringApplicationShutdownHook] com.zaxxer.hikari.HikariDataSource       : HikariPool-1 - Shutdown completed.
